<?xml version="1.0" encoding="UTF-8"?>
<!-- Generated by org.testng.reporters.JUnitReportReporter -->
<testsuite hostname="apples-MacBook-Pro-6.local" failures="0" tests="1" name="testcases.UpdateOrganisationProfileTest" time="0.465" errors="0" timestamp="2024-12-10T13:08:31 IST" skipped="0">
  <testcase classname="testcases.UpdateOrganisationProfileTest" name="testUpdateOrganisationProfile" time="0.465"/>
</testsuite> <!-- testcases.UpdateOrganisationProfileTest -->
